<?xml version="1.0" encoding="UTF-8"?>
<!-- Generated by org.testng.reporters.JUnitReportReporter -->
<testsuite hostname="BDC7-L-6440MT5" failures="0" tests="1" name="AutoTrain.AmtrakApi.SecondMainClass" time="10.195" errors="0" timestamp="23 May 2019 06:11:22 GMT">
  <testcase classname="AutoTrain.AmtrakApi.SecondMainClass" name="FirstAmtrakApi" time="10.195"/>
</testsuite>
