<?xml version="1.0" encoding="UTF-8"?>
<!-- Generated by org.testng.reporters.JUnitReportReporter -->
<testsuite hostname="BDC7-L-6440MT5" failures="0" tests="1" name="AutoTrain.AmtrakApi.Runner" time="0.047" errors="0" timestamp="21 May 2019 17:58:48 GMT">
  <testcase classname="AutoTrain.AmtrakApi.Runner" name="name" time="0.047"/>
</testsuite>
